# JRE version: OpenJDK Runtime Environment (8.0_152-b02) (build 1.8.0_152-release-1024-b02)
# Java VM: OpenJDK 64-Bit Server VM (25.152-b02 mixed mode windows-amd64 compressed oops)
Heap:
 PSYoungGen      total 173568K, used 95267K [0x00000000e0000000, 0x00000000ebc80000, 0x0000000100000000)
  eden space 156672K, 60% used [0x00000000e0000000,0x00000000e5d08df8,0x00000000e9900000)
  from space 16896K, 0% used [0x00000000e9900000,0x00000000e9900000,0x00000000ea980000)
  to   space 13824K, 0% used [0x00000000ea980000,0x00000000ea980000,0x00000000eb700000)
 ParOldGen       total 118784K, used 39863K [0x00000000a0000000, 0x00000000a7400000, 0x00000000e0000000)
  object space 118784K, 33% used [0x00000000a0000000,0x00000000a26eddf8,0x00000000a7400000)
 Metaspace       used 59224K, capacity 61436K, committed 61528K, reserved 1101824K
  class space    used 7985K, capacity 8569K, committed 8576K, reserved 1048576K
GC Heap History (10 events):
Event: 4.873 GC heap before
{Heap before GC invocations=10 (full 2):
 PSYoungGen      total 136192K, used 10286K [0x00000000e0000000, 0x00000000e9200000, 0x0000000100000000)
  eden space 125440K, 0% used [0x00000000e0000000,0x00000000e0000000,0x00000000e7a80000)
  from space 10752K, 95% used [0x00000000e8780000,0x00000000e918b940,0x00000000e9200000)
  to   space 11776K, 0% used [0x00000000e7b00000,0x00000000e7b00000,0x00000000e8680000)
 ParOldGen       total 75776K, used 7763K [0x00000000a0000000, 0x00000000a4a00000, 0x00000000e0000000)
  object space 75776K, 10% used [0x00000000a0000000,0x00000000a0794e88,0x00000000a4a00000)
 Metaspace       used 34595K, capacity 35296K, committed 35416K, reserved 1079296K
  class space    used 4719K, capacity 4958K, committed 4992K, reserved 1048576K
Event: 4.946 GC heap after
Heap after GC invocations=10 (full 2):
 PSYoungGen      total 136192K, used 0K [0x00000000e0000000, 0x00000000e9200000, 0x0000000100000000)
  eden space 125440K, 0% used [0x00000000e0000000,0x00000000e0000000,0x00000000e7a80000)
  from space 10752K, 0% used [0x00000000e8780000,0x00000000e8780000,0x00000000e9200000)
  to   space 11776K, 0% used [0x00000000e7b00000,0x00000000e7b00000,0x00000000e8680000)
 ParOldGen       total 118784K, used 16957K [0x00000000a0000000, 0x00000000a7400000, 0x00000000e0000000)
  object space 118784K, 14% used [0x00000000a0000000,0x00000000a108f528,0x00000000a7400000)
 Metaspace       used 34595K, capacity 35296K, committed 35416K, reserved 1079296K
  class space    used 4719K, capacity 4958K, committed 4992K, reserved 1048576K
}
Event: 6.013 GC heap before
{Heap before GC invocations=11 (full 2):
 PSYoungGen      total 136192K, used 125440K [0x00000000e0000000, 0x00000000e9200000, 0x0000000100000000)
  eden space 125440K, 100% used [0x00000000e0000000,0x00000000e7a80000,0x00000000e7a80000)
  from space 10752K, 0% used [0x00000000e8780000,0x00000000e8780000,0x00000000e9200000)
  to   space 11776K, 0% used [0x00000000e7b00000,0x00000000e7b00000,0x00000000e8680000)
 ParOldGen       total 118784K, used 16957K [0x00000000a0000000, 0x00000000a7400000, 0x00000000e0000000)
  object space 118784K, 14% used [0x00000000a0000000,0x00000000a108f528,0x00000000a7400000)
 Metaspace       used 43864K, capacity 44918K, committed 45144K, reserved 1087488K
  class space    used 5887K, capacity 6208K, committed 6272K, reserved 1048576K
Event: 6.028 GC heap after
Heap after GC invocations=11 (full 2):
 PSYoungGen      total 137728K, used 11775K [0x00000000e0000000, 0x00000000eb700000, 0x0000000100000000)
  eden space 125952K, 0% used [0x00000000e0000000,0x00000000e0000000,0x00000000e7b00000)
  from space 11776K, 99% used [0x00000000e7b00000,0x00000000e867fc70,0x00000000e8680000)
  to   space 13824K, 0% used [0x00000000ea980000,0x00000000ea980000,0x00000000eb700000)
 ParOldGen       total 118784K, used 19591K [0x00000000a0000000, 0x00000000a7400000, 0x00000000e0000000)
  object space 118784K, 16% used [0x00000000a0000000,0x00000000a1321de0,0x00000000a7400000)
 Metaspace       used 43864K, capacity 44918K, committed 45144K, reserved 1087488K
  class space    used 5887K, capacity 6208K, committed 6272K, reserved 1048576K
}
Event: 7.688 GC heap before
{Heap before GC invocations=12 (full 2):
 PSYoungGen      total 137728K, used 137727K [0x00000000e0000000, 0x00000000eb700000, 0x0000000100000000)
  eden space 125952K, 100% used [0x00000000e0000000,0x00000000e7b00000,0x00000000e7b00000)
  from space 11776K, 99% used [0x00000000e7b00000,0x00000000e867fc70,0x00000000e8680000)
  to   space 13824K, 0% used [0x00000000ea980000,0x00000000ea980000,0x00000000eb700000)
 ParOldGen       total 118784K, used 19591K [0x00000000a0000000, 0x00000000a7400000, 0x00000000e0000000)
  object space 118784K, 16% used [0x00000000a0000000,0x00000000a1321de0,0x00000000a7400000)
 Metaspace       used 52474K, capacity 54146K, committed 54360K, reserved 1095680K
  class space    used 7119K, capacity 7520K, committed 7552K, reserved 1048576K
Event: 7.709 GC heap after
Heap after GC invocations=12 (full 2):
 PSYoungGen      total 170496K, used 13812K [0x00000000e0000000, 0x00000000ebc80000, 0x0000000100000000)
  eden space 156672K, 0% used [0x00000000e0000000,0x00000000e0000000,0x00000000e9900000)
  from space 13824K, 99% used [0x00000000ea980000,0x00000000eb6fd280,0x00000000eb700000)
  to   space 16896K, 0% used [0x00000000e9900000,0x00000000e9900000,0x00000000ea980000)
 ParOldGen       total 118784K, used 24524K [0x00000000a0000000, 0x00000000a7400000, 0x00000000e0000000)
  object space 118784K, 20% used [0x00000000a0000000,0x00000000a17f3380,0x00000000a7400000)
 Metaspace       used 52474K, capacity 54146K, committed 54360K, reserved 1095680K
  class space    used 7119K, capacity 7520K, committed 7552K, reserved 1048576K
}
Event: 8.966 GC heap before
{Heap before GC invocations=13 (full 2):
 PSYoungGen      total 170496K, used 98519K [0x00000000e0000000, 0x00000000ebc80000, 0x0000000100000000)
  eden space 156672K, 54% used [0x00000000e0000000,0x00000000e52b8a48,0x00000000e9900000)
  from space 13824K, 99% used [0x00000000ea980000,0x00000000eb6fd280,0x00000000eb700000)
  to   space 16896K, 0% used [0x00000000e9900000,0x00000000e9900000,0x00000000ea980000)
 ParOldGen       total 118784K, used 24524K [0x00000000a0000000, 0x00000000a7400000, 0x00000000e0000000)
  object space 118784K, 20% used [0x00000000a0000000,0x00000000a17f3380,0x00000000a7400000)
 Metaspace       used 56677K, capacity 58848K, committed 58968K, reserved 1099776K
  class space    used 7703K, capacity 8267K, committed 8320K, reserved 1048576K
Event: 8.986 GC heap after
Heap after GC invocations=13 (full 2):
 PSYoungGen      total 173568K, used 12754K [0x00000000e0000000, 0x00000000ebc80000, 0x0000000100000000)
  eden space 156672K, 0% used [0x00000000e0000000,0x00000000e0000000,0x00000000e9900000)
  from space 16896K, 75% used [0x00000000e9900000,0x00000000ea574a18,0x00000000ea980000)
  to   space 13824K, 0% used [0x00000000ea980000,0x00000000ea980000,0x00000000eb700000)
 ParOldGen       total 118784K, used 37337K [0x00000000a0000000, 0x00000000a7400000, 0x00000000e0000000)
  object space 118784K, 31% used [0x00000000a0000000,0x00000000a2476450,0x00000000a7400000)
 Metaspace       used 56677K, capacity 58848K, committed 58968K, reserved 1099776K
  class space    used 7703K, capacity 8267K, committed 8320K, reserved 1048576K
}
Event: 8.986 GC heap before
{Heap before GC invocations=14 (full 3):
 PSYoungGen      total 173568K, used 12754K [0x00000000e0000000, 0x00000000ebc80000, 0x0000000100000000)
  eden space 156672K, 0% used [0x00000000e0000000,0x00000000e0000000,0x00000000e9900000)
  from space 16896K, 75% used [0x00000000e9900000,0x00000000ea574a18,0x00000000ea980000)
  to   space 13824K, 0% used [0x00000000ea980000,0x00000000ea980000,0x00000000eb700000)
 ParOldGen       total 118784K, used 37337K [0x00000000a0000000, 0x00000000a7400000, 0x00000000e0000000)
  object space 118784K, 31% used [0x00000000a0000000,0x00000000a2476450,0x00000000a7400000)
 Metaspace       used 56677K, capacity 58848K, committed 58968K, reserved 1099776K
  class space    used 7703K, capacity 8267K, committed 8320K, reserved 1048576K
Event: 9.165 GC heap after
Heap after GC invocations=14 (full 3):
 PSYoungGen      total 173568K, used 0K [0x00000000e0000000, 0x00000000ebc80000, 0x0000000100000000)
  eden space 156672K, 0% used [0x00000000e0000000,0x00000000e0000000,0x00000000e9900000)
  from space 16896K, 0% used [0x00000000e9900000,0x00000000e9900000,0x00000000ea980000)
  to   space 13824K, 0% used [0x00000000ea980000,0x00000000ea980000,0x00000000eb700000)
 ParOldGen       total 118784K, used 39863K [0x00000000a0000000, 0x00000000a7400000, 0x00000000e0000000)
  object space 118784K, 33% used [0x00000000a0000000,0x00000000a26eddf8,0x00000000a7400000)
 Metaspace       used 56677K, capacity 58848K, committed 58968K, reserved 1099776K
  class space    used 7703K, capacity 8267K, committed 8320K, reserved 1048576K
}

