# JRE version: OpenJDK Runtime Environment (8.0_152-b02) (build 1.8.0_152-release-1024-b02)
# Java VM: OpenJDK 64-Bit Server VM (25.152-b02 mixed mode windows-amd64 compressed oops)
Heap:
 PSYoungGen      total 158208K, used 16277K [0x00000000e0000000, 0x00000000ed680000, 0x0000000100000000)
  eden space 141824K, 11% used [0x00000000e0000000,0x00000000e0fe54f0,0x00000000e8a80000)
  from space 16384K, 0% used [0x00000000e8a80000,0x00000000e8a80000,0x00000000e9a80000)
  to   space 21504K, 0% used [0x00000000ec180000,0x00000000ec180000,0x00000000ed680000)
 ParOldGen       total 118784K, used 40429K [0x00000000a0000000, 0x00000000a7400000, 0x00000000e0000000)
  object space 118784K, 34% used [0x00000000a0000000,0x00000000a277b6c8,0x00000000a7400000)
 Metaspace       used 58368K, capacity 60594K, committed 60760K, reserved 1101824K
  class space    used 7910K, capacity 8500K, committed 8576K, reserved 1048576K
GC Heap History (10 events):
Event: 7.064 GC heap before
{Heap before GC invocations=10 (full 2):
 PSYoungGen      total 123904K, used 10316K [0x00000000e0000000, 0x00000000e8780000, 0x0000000100000000)
  eden space 113152K, 0% used [0x00000000e0000000,0x00000000e0000000,0x00000000e6e80000)
  from space 10752K, 95% used [0x00000000e7d00000,0x00000000e8713180,0x00000000e8780000)
  to   space 11776K, 0% used [0x00000000e7080000,0x00000000e7080000,0x00000000e7c00000)
 ParOldGen       total 76288K, used 7728K [0x00000000a0000000, 0x00000000a4a80000, 0x00000000e0000000)
  object space 76288K, 10% used [0x00000000a0000000,0x00000000a078c368,0x00000000a4a80000)
 Metaspace       used 34643K, capacity 35380K, committed 35416K, reserved 1079296K
  class space    used 4727K, capacity 4960K, committed 4992K, reserved 1048576K
Event: 7.138 GC heap after
Heap after GC invocations=10 (full 2):
 PSYoungGen      total 123904K, used 0K [0x00000000e0000000, 0x00000000e8780000, 0x0000000100000000)
  eden space 113152K, 0% used [0x00000000e0000000,0x00000000e0000000,0x00000000e6e80000)
  from space 10752K, 0% used [0x00000000e7d00000,0x00000000e7d00000,0x00000000e8780000)
  to   space 11776K, 0% used [0x00000000e7080000,0x00000000e7080000,0x00000000e7c00000)
 ParOldGen       total 118784K, used 17051K [0x00000000a0000000, 0x00000000a7400000, 0x00000000e0000000)
  object space 118784K, 14% used [0x00000000a0000000,0x00000000a10a6fe8,0x00000000a7400000)
 Metaspace       used 34643K, capacity 35380K, committed 35416K, reserved 1079296K
  class space    used 4727K, capacity 4960K, committed 4992K, reserved 1048576K
}
Event: 8.191 GC heap before
{Heap before GC invocations=11 (full 2):
 PSYoungGen      total 123904K, used 113152K [0x00000000e0000000, 0x00000000e8780000, 0x0000000100000000)
  eden space 113152K, 100% used [0x00000000e0000000,0x00000000e6e80000,0x00000000e6e80000)
  from space 10752K, 0% used [0x00000000e7d00000,0x00000000e7d00000,0x00000000e8780000)
  to   space 11776K, 0% used [0x00000000e7080000,0x00000000e7080000,0x00000000e7c00000)
 ParOldGen       total 118784K, used 17051K [0x00000000a0000000, 0x00000000a7400000, 0x00000000e0000000)
  object space 118784K, 14% used [0x00000000a0000000,0x00000000a10a6fe8,0x00000000a7400000)
 Metaspace       used 42528K, capacity 43566K, committed 43864K, reserved 1087488K
  class space    used 5698K, capacity 6014K, committed 6016K, reserved 1048576K
Event: 8.207 GC heap after
Heap after GC invocations=11 (full 2):
 PSYoungGen      total 126976K, used 11745K [0x00000000e0000000, 0x00000000ea780000, 0x0000000100000000)
  eden space 115200K, 0% used [0x00000000e0000000,0x00000000e0000000,0x00000000e7080000)
  from space 11776K, 99% used [0x00000000e7080000,0x00000000e7bf8490,0x00000000e7c00000)
  to   space 13312K, 0% used [0x00000000e9a80000,0x00000000e9a80000,0x00000000ea780000)
 ParOldGen       total 118784K, used 18257K [0x00000000a0000000, 0x00000000a7400000, 0x00000000e0000000)
  object space 118784K, 15% used [0x00000000a0000000,0x00000000a11d4768,0x00000000a7400000)
 Metaspace       used 42528K, capacity 43566K, committed 43864K, reserved 1087488K
  class space    used 5698K, capacity 6014K, committed 6016K, reserved 1048576K
}
Event: 9.677 GC heap before
{Heap before GC invocations=12 (full 2):
 PSYoungGen      total 126976K, used 126945K [0x00000000e0000000, 0x00000000ea780000, 0x0000000100000000)
  eden space 115200K, 100% used [0x00000000e0000000,0x00000000e7080000,0x00000000e7080000)
  from space 11776K, 99% used [0x00000000e7080000,0x00000000e7bf8490,0x00000000e7c00000)
  to   space 13312K, 0% used [0x00000000e9a80000,0x00000000e9a80000,0x00000000ea780000)
 ParOldGen       total 118784K, used 18257K [0x00000000a0000000, 0x00000000a7400000, 0x00000000e0000000)
  object space 118784K, 15% used [0x00000000a0000000,0x00000000a11d4768,0x00000000a7400000)
 Metaspace       used 51087K, capacity 52606K, committed 52824K, reserved 1095680K
  class space    used 6892K, capacity 7270K, committed 7296K, reserved 1048576K
Event: 9.689 GC heap after
Heap after GC invocations=12 (full 2):
 PSYoungGen      total 155136K, used 13310K [0x00000000e0000000, 0x00000000ead80000, 0x0000000100000000)
  eden space 141824K, 0% used [0x00000000e0000000,0x00000000e0000000,0x00000000e8a80000)
  from space 13312K, 99% used [0x00000000e9a80000,0x00000000ea77fb58,0x00000000ea780000)
  to   space 16384K, 0% used [0x00000000e8a80000,0x00000000e8a80000,0x00000000e9a80000)
 ParOldGen       total 118784K, used 22429K [0x00000000a0000000, 0x00000000a7400000, 0x00000000e0000000)
  object space 118784K, 18% used [0x00000000a0000000,0x00000000a15e7690,0x00000000a7400000)
 Metaspace       used 51087K, capacity 52606K, committed 52824K, reserved 1095680K
  class space    used 6892K, capacity 7270K, committed 7296K, reserved 1048576K
}
Event: 11.839 GC heap before
{Heap before GC invocations=13 (full 2):
 PSYoungGen      total 155136K, used 117831K [0x00000000e0000000, 0x00000000ead80000, 0x0000000100000000)
  eden space 141824K, 73% used [0x00000000e0000000,0x00000000e6612408,0x00000000e8a80000)
  from space 13312K, 99% used [0x00000000e9a80000,0x00000000ea77fb58,0x00000000ea780000)
  to   space 16384K, 0% used [0x00000000e8a80000,0x00000000e8a80000,0x00000000e9a80000)
 ParOldGen       total 118784K, used 22429K [0x00000000a0000000, 0x00000000a7400000, 0x00000000e0000000)
  object space 118784K, 18% used [0x00000000a0000000,0x00000000a15e7690,0x00000000a7400000)
 Metaspace       used 56654K, capacity 58912K, committed 58968K, reserved 1099776K
  class space    used 7711K, capacity 8305K, committed 8320K, reserved 1048576K
Event: 11.862 GC heap after
Heap after GC invocations=13 (full 2):
 PSYoungGen      total 158208K, used 16382K [0x00000000e0000000, 0x00000000ed680000, 0x0000000100000000)
  eden space 141824K, 0% used [0x00000000e0000000,0x00000000e0000000,0x00000000e8a80000)
  from space 16384K, 99% used [0x00000000e8a80000,0x00000000e9a7fbe8,0x00000000e9a80000)
  to   space 21504K, 0% used [0x00000000ec180000,0x00000000ec180000,0x00000000ed680000)
 ParOldGen       total 118784K, used 32031K [0x00000000a0000000, 0x00000000a7400000, 0x00000000e0000000)
  object space 118784K, 26% used [0x00000000a0000000,0x00000000a1f47fd0,0x00000000a7400000)
 Metaspace       used 56654K, capacity 58912K, committed 58968K, reserved 1099776K
  class space    used 7711K, capacity 8305K, committed 8320K, reserved 1048576K
}
Event: 11.862 GC heap before
{Heap before GC invocations=14 (full 3):
 PSYoungGen      total 158208K, used 16382K [0x00000000e0000000, 0x00000000ed680000, 0x0000000100000000)
  eden space 141824K, 0% used [0x00000000e0000000,0x00000000e0000000,0x00000000e8a80000)
  from space 16384K, 99% used [0x00000000e8a80000,0x00000000e9a7fbe8,0x00000000e9a80000)
  to   space 21504K, 0% used [0x00000000ec180000,0x00000000ec180000,0x00000000ed680000)
 ParOldGen       total 118784K, used 32031K [0x00000000a0000000, 0x00000000a7400000, 0x00000000e0000000)
  object space 118784K, 26% used [0x00000000a0000000,0x00000000a1f47fd0,0x00000000a7400000)
 Metaspace       used 56654K, capacity 58912K, committed 58968K, reserved 1099776K
  class space    used 7711K, capacity 8305K, committed 8320K, reserved 1048576K
Event: 12.044 GC heap after
Heap after GC invocations=14 (full 3):
 PSYoungGen      total 158208K, used 0K [0x00000000e0000000, 0x00000000ed680000, 0x0000000100000000)
  eden space 141824K, 0% used [0x00000000e0000000,0x00000000e0000000,0x00000000e8a80000)
  from space 16384K, 0% used [0x00000000e8a80000,0x00000000e8a80000,0x00000000e9a80000)
  to   space 21504K, 0% used [0x00000000ec180000,0x00000000ec180000,0x00000000ed680000)
 ParOldGen       total 118784K, used 40429K [0x00000000a0000000, 0x00000000a7400000, 0x00000000e0000000)
  object space 118784K, 34% used [0x00000000a0000000,0x00000000a277b6c8,0x00000000a7400000)
 Metaspace       used 56654K, capacity 58912K, committed 58968K, reserved 1099776K
  class space    used 7711K, capacity 8305K, committed 8320K, reserved 1048576K
}

