# JRE version: OpenJDK Runtime Environment (8.0_152-b02) (build 1.8.0_152-release-1024-b02)
# Java VM: OpenJDK 64-Bit Server VM (25.152-b02 mixed mode windows-amd64 compressed oops)
Heap:
 PSYoungGen      total 172032K, used 31652K [0x00000000e0000000, 0x00000000eb880000, 0x0000000100000000)
  eden space 162304K, 19% used [0x00000000e0000000,0x00000000e1ee91e0,0x00000000e9e80000)
  from space 9728K, 0% used [0x00000000eaf00000,0x00000000eaf00000,0x00000000eb880000)
  to   space 12800K, 0% used [0x00000000e9f80000,0x00000000e9f80000,0x00000000eac00000)
 ParOldGen       total 116224K, used 87077K [0x00000000a0000000, 0x00000000a7180000, 0x00000000e0000000)
  object space 116224K, 74% used [0x00000000a0000000,0x00000000a5509568,0x00000000a7180000)
 Metaspace       used 70532K, capacity 73314K, committed 76376K, reserved 1116160K
  class space    used 9318K, capacity 9952K, committed 10368K, reserved 1048576K
GC Heap History (10 events):
Event: 8.352 GC heap before
{Heap before GC invocations=12 (full 2):
 PSYoungGen      total 175104K, used 82318K [0x00000000e0000000, 0x00000000eb880000, 0x0000000100000000)
  eden space 162304K, 42% used [0x00000000e0000000,0x00000000e43e9d20,0x00000000e9e80000)
  from space 12800K, 99% used [0x00000000e9f80000,0x00000000eabf9bc8,0x00000000eac00000)
  to   space 9728K, 0% used [0x00000000eaf00000,0x00000000eaf00000,0x00000000eb880000)
 ParOldGen       total 105984K, used 39243K [0x00000000a0000000, 0x00000000a6780000, 0x00000000e0000000)
  object space 105984K, 37% used [0x00000000a0000000,0x00000000a2652d08,0x00000000a6780000)
 Metaspace       used 56570K, capacity 58816K, committed 58968K, reserved 1099776K
  class space    used 7635K, capacity 8239K, committed 8320K, reserved 1048576K
Event: 8.365 GC heap after
Heap after GC invocations=12 (full 2):
 PSYoungGen      total 172032K, used 9698K [0x00000000e0000000, 0x00000000eb880000, 0x0000000100000000)
  eden space 162304K, 0% used [0x00000000e0000000,0x00000000e0000000,0x00000000e9e80000)
  from space 9728K, 99% used [0x00000000eaf00000,0x00000000eb8788e0,0x00000000eb880000)
  to   space 12800K, 0% used [0x00000000e9f80000,0x00000000e9f80000,0x00000000eac00000)
 ParOldGen       total 105984K, used 46624K [0x00000000a0000000, 0x00000000a6780000, 0x00000000e0000000)
  object space 105984K, 43% used [0x00000000a0000000,0x00000000a2d88070,0x00000000a6780000)
 Metaspace       used 56570K, capacity 58816K, committed 58968K, reserved 1099776K
  class space    used 7635K, capacity 8239K, committed 8320K, reserved 1048576K
}
Event: 8.365 GC heap before
{Heap before GC invocations=13 (full 3):
 PSYoungGen      total 172032K, used 9698K [0x00000000e0000000, 0x00000000eb880000, 0x0000000100000000)
  eden space 162304K, 0% used [0x00000000e0000000,0x00000000e0000000,0x00000000e9e80000)
  from space 9728K, 99% used [0x00000000eaf00000,0x00000000eb8788e0,0x00000000eb880000)
  to   space 12800K, 0% used [0x00000000e9f80000,0x00000000e9f80000,0x00000000eac00000)
 ParOldGen       total 105984K, used 46624K [0x00000000a0000000, 0x00000000a6780000, 0x00000000e0000000)
  object space 105984K, 43% used [0x00000000a0000000,0x00000000a2d88070,0x00000000a6780000)
 Metaspace       used 56570K, capacity 58816K, committed 58968K, reserved 1099776K
  class space    used 7635K, capacity 8239K, committed 8320K, reserved 1048576K
Event: 8.524 GC heap after
Heap after GC invocations=13 (full 3):
 PSYoungGen      total 172032K, used 0K [0x00000000e0000000, 0x00000000eb880000, 0x0000000100000000)
  eden space 162304K, 0% used [0x00000000e0000000,0x00000000e0000000,0x00000000e9e80000)
  from space 9728K, 0% used [0x00000000eaf00000,0x00000000eaf00000,0x00000000eb880000)
  to   space 12800K, 0% used [0x00000000e9f80000,0x00000000e9f80000,0x00000000eac00000)
 ParOldGen       total 105984K, used 46197K [0x00000000a0000000, 0x00000000a6780000, 0x00000000e0000000)
  object space 105984K, 43% used [0x00000000a0000000,0x00000000a2d1d728,0x00000000a6780000)
 Metaspace       used 56570K, capacity 58816K, committed 58968K, reserved 1099776K
  class space    used 7635K, capacity 8239K, committed 8320K, reserved 1048576K
}
Event: 13.652 GC heap before
{Heap before GC invocations=14 (full 3):
 PSYoungGen      total 172032K, used 162304K [0x00000000e0000000, 0x00000000eb880000, 0x0000000100000000)
  eden space 162304K, 100% used [0x00000000e0000000,0x00000000e9e80000,0x00000000e9e80000)
  from space 9728K, 0% used [0x00000000eaf00000,0x00000000eaf00000,0x00000000eb880000)
  to   space 12800K, 0% used [0x00000000e9f80000,0x00000000e9f80000,0x00000000eac00000)
 ParOldGen       total 105984K, used 46197K [0x00000000a0000000, 0x00000000a6780000, 0x00000000e0000000)
  object space 105984K, 43% used [0x00000000a0000000,0x00000000a2d1d728,0x00000000a6780000)
 Metaspace       used 64385K, capacity 66654K, committed 66904K, reserved 1107968K
  class space    used 8409K, capacity 8990K, committed 9088K, reserved 1048576K
Event: 13.691 GC heap after
Heap after GC invocations=14 (full 3):
 PSYoungGen      total 175104K, used 12791K [0x00000000e0000000, 0x00000000eb880000, 0x0000000100000000)
  eden space 162304K, 0% used [0x00000000e0000000,0x00000000e0000000,0x00000000e9e80000)
  from space 12800K, 99% used [0x00000000e9f80000,0x00000000eabfddc8,0x00000000eac00000)
  to   space 9728K, 0% used [0x00000000eaf00000,0x00000000eaf00000,0x00000000eb880000)
 ParOldGen       total 105984K, used 72951K [0x00000000a0000000, 0x00000000a6780000, 0x00000000e0000000)
  object space 105984K, 68% used [0x00000000a0000000,0x00000000a473df40,0x00000000a6780000)
 Metaspace       used 64385K, capacity 66654K, committed 66904K, reserved 1107968K
  class space    used 8409K, capacity 8990K, committed 9088K, reserved 1048576K
}
Event: 17.306 GC heap before
{Heap before GC invocations=15 (full 3):
 PSYoungGen      total 175104K, used 175095K [0x00000000e0000000, 0x00000000eb880000, 0x0000000100000000)
  eden space 162304K, 100% used [0x00000000e0000000,0x00000000e9e80000,0x00000000e9e80000)
  from space 12800K, 99% used [0x00000000e9f80000,0x00000000eabfddc8,0x00000000eac00000)
  to   space 9728K, 0% used [0x00000000eaf00000,0x00000000eaf00000,0x00000000eb880000)
 ParOldGen       total 105984K, used 72951K [0x00000000a0000000, 0x00000000a6780000, 0x00000000e0000000)
  object space 105984K, 68% used [0x00000000a0000000,0x00000000a473df40,0x00000000a6780000)
 Metaspace       used 72846K, capacity 76228K, committed 76376K, reserved 1116160K
  class space    used 9597K, capacity 10341K, committed 10368K, reserved 1048576K
Event: 17.347 GC heap after
Heap after GC invocations=15 (full 3):
 PSYoungGen      total 172032K, used 9699K [0x00000000e0000000, 0x00000000eb880000, 0x0000000100000000)
  eden space 162304K, 0% used [0x00000000e0000000,0x00000000e0000000,0x00000000e9e80000)
  from space 9728K, 99% used [0x00000000eaf00000,0x00000000eb878d70,0x00000000eb880000)
  to   space 12800K, 0% used [0x00000000e9f80000,0x00000000e9f80000,0x00000000eac00000)
 ParOldGen       total 116224K, used 116127K [0x00000000a0000000, 0x00000000a7180000, 0x00000000e0000000)
  object space 116224K, 99% used [0x00000000a0000000,0x00000000a7167f18,0x00000000a7180000)
 Metaspace       used 72846K, capacity 76228K, committed 76376K, reserved 1116160K
  class space    used 9597K, capacity 10341K, committed 10368K, reserved 1048576K
}
Event: 17.347 GC heap before
{Heap before GC invocations=16 (full 4):
 PSYoungGen      total 172032K, used 9699K [0x00000000e0000000, 0x00000000eb880000, 0x0000000100000000)
  eden space 162304K, 0% used [0x00000000e0000000,0x00000000e0000000,0x00000000e9e80000)
  from space 9728K, 99% used [0x00000000eaf00000,0x00000000eb878d70,0x00000000eb880000)
  to   space 12800K, 0% used [0x00000000e9f80000,0x00000000e9f80000,0x00000000eac00000)
 ParOldGen       total 116224K, used 116127K [0x00000000a0000000, 0x00000000a7180000, 0x00000000e0000000)
  object space 116224K, 99% used [0x00000000a0000000,0x00000000a7167f18,0x00000000a7180000)
 Metaspace       used 72846K, capacity 76228K, committed 76376K, reserved 1116160K
  class space    used 9597K, capacity 10341K, committed 10368K, reserved 1048576K
Event: 17.589 GC heap after
Heap after GC invocations=16 (full 4):
 PSYoungGen      total 172032K, used 0K [0x00000000e0000000, 0x00000000eb880000, 0x0000000100000000)
  eden space 162304K, 0% used [0x00000000e0000000,0x00000000e0000000,0x00000000e9e80000)
  from space 9728K, 0% used [0x00000000eaf00000,0x00000000eaf00000,0x00000000eb880000)
  to   space 12800K, 0% used [0x00000000e9f80000,0x00000000e9f80000,0x00000000eac00000)
 ParOldGen       total 116224K, used 87077K [0x00000000a0000000, 0x00000000a7180000, 0x00000000e0000000)
  object space 116224K, 74% used [0x00000000a0000000,0x00000000a5509568,0x00000000a7180000)
 Metaspace       used 70454K, capacity 73226K, committed 76376K, reserved 1116160K
  class space    used 9315K, capacity 9948K, committed 10368K, reserved 1048576K
}

